<?xml version="1.0" encoding="UTF-8"?>
<!-- Generated by org.testng.reporters.JUnitXMLReporter -->
<testsuite hostname="dell" ignored="16" name="Test" tests="5" failures="0" timestamp="27 Feb 2018 06:40:00 GMT" time="64.407" errors="0">
  <testcase name="verifyTips" time="2.786" classname="com.actitime.TaskTest.VerifyTipsLight"/>
  <testcase name="BackToMe" time="5.737" classname="com.actitime.TaskTest.BackToME"/>
  <testcase name="addNewTask" time="6.635" classname="com.actitime.TaskTest.AddNewTaskTest"/>
  <testcase name="extractToCSV" time="27.123" classname="com.actitime.ReportsTest.ExtractMonthlyPerformanceCSV"/>
  <testcase name="deleteTask" time="8.748" classname="com.actitime.TaskTest.DeleteCreatedTask"/>
  <testcase name="@BeforeSuite OpenDBConnection" time="0.0" classname="com.actitime.generic.BaseTest">
    <ignored/>
  </testcase> <!-- @BeforeSuite OpenDBConnection -->
  <testcase name="@BeforeSuite OpenDBConnection" time="0.0" classname="com.actitime.generic.BaseTest">
    <ignored/>
  </testcase> <!-- @BeforeSuite OpenDBConnection -->
  <testcase name="@BeforeSuite OpenDBConnection" time="0.0" classname="com.actitime.generic.BaseTest">
    <ignored/>
  </testcase> <!-- @BeforeSuite OpenDBConnection -->
  <testcase name="@BeforeSuite OpenDBConnection" time="0.0" classname="com.actitime.generic.BaseTest">
    <ignored/>
  </testcase> <!-- @BeforeSuite OpenDBConnection -->
  <testcase name="@AfterTest postCondition" time="0.0" classname="com.actitime.generic.BaseTest">
    <ignored/>
  </testcase> <!-- @AfterTest postCondition -->
  <testcase name="@AfterTest postCondition" time="0.0" classname="com.actitime.generic.BaseTest">
    <ignored/>
  </testcase> <!-- @AfterTest postCondition -->
  <testcase name="@AfterTest postCondition" time="0.0" classname="com.actitime.generic.BaseTest">
    <ignored/>
  </testcase> <!-- @AfterTest postCondition -->
  <testcase name="@AfterTest postCondition" time="0.0" classname="com.actitime.generic.BaseTest">
    <ignored/>
  </testcase> <!-- @AfterTest postCondition -->
  <testcase name="@AfterSuite CloseDBConnection" time="0.0" classname="com.actitime.generic.BaseTest">
    <ignored/>
  </testcase> <!-- @AfterSuite CloseDBConnection -->
  <testcase name="@AfterSuite CloseDBConnection" time="0.0" classname="com.actitime.generic.BaseTest">
    <ignored/>
  </testcase> <!-- @AfterSuite CloseDBConnection -->
  <testcase name="@AfterSuite CloseDBConnection" time="0.0" classname="com.actitime.generic.BaseTest">
    <ignored/>
  </testcase> <!-- @AfterSuite CloseDBConnection -->
  <testcase name="@AfterSuite CloseDBConnection" time="0.0" classname="com.actitime.generic.BaseTest">
    <ignored/>
  </testcase> <!-- @AfterSuite CloseDBConnection -->
  <testcase name="@BeforeTest preConditions" time="0.0" classname="com.actitime.generic.BaseTest">
    <ignored/>
  </testcase> <!-- @BeforeTest preConditions -->
  <testcase name="@BeforeTest preConditions" time="0.0" classname="com.actitime.generic.BaseTest">
    <ignored/>
  </testcase> <!-- @BeforeTest preConditions -->
  <testcase name="@BeforeTest preConditions" time="0.0" classname="com.actitime.generic.BaseTest">
    <ignored/>
  </testcase> <!-- @BeforeTest preConditions -->
  <testcase name="@BeforeTest preConditions" time="0.0" classname="com.actitime.generic.BaseTest">
    <ignored/>
  </testcase> <!-- @BeforeTest preConditions -->
</testsuite> <!-- Test -->
